2018-12-21T13:19:42.832Z - normal: Load ~/.CocosCreator/settings.json
2018-12-21T13:19:42.838Z - normal: checking language setting...
2018-12-21T13:19:42.838Z - normal: Language: zh
2018-12-21T13:19:44.398Z - success: protocol editor-framework registered
2018-12-21T13:19:44.399Z - success: protocol app registered
2018-12-21T13:19:44.399Z - success: protocol theme registered
2018-12-21T13:19:44.399Z - success: protocol packages registered
2018-12-21T13:19:44.399Z - success: protocol unpack registerred
2018-12-21T13:19:44.399Z - success: protocol disable-commonjs registerred
2018-12-21T13:19:44.502Z - normal: connected!
2018-12-21T13:19:44.503Z - normal: Check project D:\CocosProject\CocosStartProject
2018-12-21T13:19:44.507Z - normal: Initializing project D:\CocosProject\CocosStartProject
2018-12-21T13:19:44.523Z - normal: Initializing Cocos2d
2018-12-21T13:19:45.154Z - normal: Initializing Asset Database
2018-12-21T13:19:45.191Z - success: protocol uuid registerred
2018-12-21T13:19:45.191Z - success: protocol db registerred
2018-12-21T13:19:45.191Z - success: protocol thumbnail registerred
2018-12-21T13:19:45.191Z - normal: Loading editor/builtin packages
2018-12-21T13:19:45.336Z - success: assets loaded
2018-12-21T13:19:45.338Z - success: builder loaded
2018-12-21T13:19:45.342Z - success: cocos-analytics loaded
2018-12-21T13:19:45.344Z - success: console loaded
2018-12-21T13:19:45.380Z - success: fb-instant-games loaded
2018-12-21T13:19:45.383Z - success: google-instant-games loaded
2018-12-21T13:19:45.388Z - success: hierarchy loaded
2018-12-21T13:19:45.389Z - success: inspector loaded
2018-12-21T13:19:45.390Z - success: keystore loaded
2018-12-21T13:19:45.394Z - success: node-library loaded
2018-12-21T13:19:45.395Z - success: package-asset loaded
2018-12-21T13:19:45.396Z - success: preferences loaded
2018-12-21T13:19:45.398Z - success: project-exporter loaded
2018-12-21T13:19:45.413Z - success: project-importer loaded
2018-12-21T13:19:45.415Z - success: project-settings loaded
2018-12-21T13:19:45.417Z - success: ui-kit loaded
2018-12-21T13:19:45.420Z - success: scene loaded
2018-12-21T13:19:45.421Z - success: sprite-editor loaded
2018-12-21T13:19:45.425Z - success: store loaded
2018-12-21T13:19:45.430Z - success: timeline loaded
2018-12-21T13:19:45.430Z - normal: Loading builtin packages
2018-12-21T13:19:45.433Z - success: asset-db-debugger loaded
2018-12-21T13:19:45.434Z - success: code-editor loaded
2018-12-21T13:19:45.435Z - success: color-picker loaded
2018-12-21T13:19:45.516Z - success: google-play-instant loaded
2018-12-21T13:19:45.518Z - success: jsb-adapter loaded
2018-12-21T13:19:45.522Z - success: oppo-runtime loaded
2018-12-21T13:19:45.524Z - success: package-manager loaded
2018-12-21T13:19:45.613Z - success: qqplay-adapter loaded
2018-12-21T13:19:45.617Z - success: sdkbox loaded
2018-12-21T13:19:45.619Z - success: tester loaded
2018-12-21T13:19:45.621Z - success: ui-grid loaded
2018-12-21T13:19:45.622Z - success: ui-kit-preview-extra loaded
2018-12-21T13:19:45.624Z - success: ui-kit-preview loaded
2018-12-21T13:19:45.625Z - success: ui-tree loaded
2018-12-21T13:19:45.629Z - success: vivo-runtime loaded
2018-12-21T13:19:45.629Z - success: weapp-adapter loaded
2018-12-21T13:19:46.559Z - normal: Loading packages
2018-12-21T13:19:46.565Z - normal: Watching packages
2018-12-21T13:19:46.904Z - normal: Run Application
2018-12-21T13:19:47.917Z - success: preview server running at http://localhost:7456
2018-12-21T14:57:32.876Z - error: [db-task][delete] Failed to delete asset e12f6212-7192-4290-8cfe-5f1cf60da35d, messages: Error: Asset D:\CocosProject\CocosStartProject\assets\textures\heart.png\heart is not exists
    at C:\CocosCreator\resources\app.asar\asset-db\lib\tasks.js:1:16906
    at i.each (C:\CocosCreator\resources\app.asar\asset-db\lib\tasks.js:1:17335)
    at C:\CocosCreator\resources\app.asar\node_modules\async\lib\async.js:181:20
    at Object.async.forEachOf.async.eachOf (C:\CocosCreator\resources\app.asar\node_modules\async\lib\async.js:233:13)
    at Object.async.forEach.async.each (C:\CocosCreator\resources\app.asar\node_modules\async\lib\async.js:209:22)
    at u.delete (C:\CocosCreator\resources\app.asar\asset-db\lib\tasks.js:1:16842)
    at _tasks.r.queue (C:\CocosCreator\resources\app.asar\asset-db\index.js:1:2264)
    at C:\CocosCreator\resources\app.asar\node_modules\async\lib\async.js:987:13
    at Immediate.process (C:\CocosCreator\resources\app.asar\node_modules\async\lib\async.js:953:21)
    at runCallback (timers.js:672:20)
    at u.o.error (C:\CocosCreator\resources\app.asar\asset-db\lib\utils.js:1:2250)
    at C:\CocosCreator\resources\app.asar\asset-db\lib\tasks.js:1:17387
    at C:\CocosCreator\resources\app.asar\asset-db\lib\tasks.js:1:16904
    at i.each (C:\CocosCreator\resources\app.asar\asset-db\lib\tasks.js:1:17335)
    at C:\CocosCreator\resources\app.asar\node_modules\async\lib\async.js:181:20
    at Object.async.forEachOf.async.eachOf (C:\CocosCreator\resources\app.asar\node_modules\async\lib\async.js:233:13)
    at Object.async.forEach.async.each (C:\CocosCreator\resources\app.asar\node_modules\async\lib\async.js:209:22)
    at u.delete (C:\CocosCreator\resources\app.asar\asset-db\lib\tasks.js:1:16842)
    at _tasks.r.queue (C:\CocosCreator\resources\app.asar\asset-db\index.js:1:2264)
